service3/build/intermediates/manifest_merge_blame_file/debug/manifest-merger-blame-debug-report.txt
1<?xml version="1.0" encoding="utf-8"?>
2<manifest xmlns:android="http://schemas.android.com/apk/res/android"
3    package="dt.hin.no.service3"
4    android:versionCode="1"
5    android:versionName="1.0" >
6
7    <uses-sdk
8        android:minSdkVersion="26"
8-->src\main\AndroidManifest.xml
9        android:targetSdkVersion="30" />
9-->src\main\AndroidManifest.xml
10
11    <uses-permission android:name="android.permission.FOREGROUND_SERVICE" />
11-->src\main\AndroidManifest.xml:7:5-76
11-->src\main\AndroidManifest.xml:7:22-74
12
13    <application
13-->src\main\AndroidManifest.xml:9:5-26:19
14        android:appComponentFactory="androidx.core.app.CoreComponentFactory"
14-->[androidx.core:core:1.3.1] AndroidManifest.xml:24:18-86
15        android:debuggable="true"
16        android:extractNativeLibs="false"
17        android:icon="@drawable/icon"
17-->src\main\AndroidManifest.xml:10:9-38
18        android:label="@string/app_name" >
18-->src\main\AndroidManifest.xml:11:9-41
19        <activity
19-->src\main\AndroidManifest.xml:12:9-20:20
20            android:name="dt.hin.no.MyActivity"
20-->src\main\AndroidManifest.xml:13:13-39
21            android:label="@string/app_name" >
21-->src\main\AndroidManifest.xml:14:13-45
22            <intent-filter>
22-->src\main\AndroidManifest.xml:15:13-19:29
23                <action android:name="android.intent.action.MAIN" />
23-->src\main\AndroidManifest.xml:16:17-69
23-->src\main\AndroidManifest.xml:16:25-66
24
25                <category android:name="android.intent.category.LAUNCHER" />
25-->src\main\AndroidManifest.xml:18:17-77
25-->src\main\AndroidManifest.xml:18:27-74
26            </intent-filter>
27        </activity>
28
29        <service
29-->src\main\AndroidManifest.xml:22:9-25:19
30            android:name="dt.hin.no.MyForegroundService"
30-->src\main\AndroidManifest.xml:23:13-48
31            android:enabled="true" >
31-->src\main\AndroidManifest.xml:24:13-35
32        </service>
33    </application>
34
35</manifest>